2  0 153
2  1 142
4  2 131 208 225
2  3 100
2  4 143
2  5 173
2  6 144
2  7 197
2  8 181
2  9 101
3  10 122 203
4  11 102 204 224
2  12 113
2  13 165
2  14 132
2  15 103
2  16 133
2  17 182
2  18 183
2  19 174
2  20 175
2  21 184
4  22 134 216 227
2  23 185
2  24 198
2  25 123
2  26 114
2  27 145
5  28 104 213 223 229
3  29 105 200
3  30 154 205
2  31 176
2  32 186
4  33 146 215 228
2  34 124
2  35 177
2  36 135
2  37 155
3  38 166 221
2  39 178
2  40 167
3  41 136 201
3  42 156 206
2  43 106
2  44 179
2  45 115
2  46 137
2  47 199
3  48 116 218
3  49 147 202
2  50 187
2  51 125
2  52 148
4  53 117 212 226
2  54 107
2  55 188
2  56 189
3  57 138 210
2  58 149
2  59 168
2  60 190
2  61 118
2  62 157
2  63 158
2  64 169
2  65 126
2  66 127
2  67 191
2  68 192
3  69 108 219
3  70 159 207
2  71 160
2  72 161
3  73 150 211
2  74 193
2  75 139
3  76 162 220
2  77 128
2  78 151
3  79 152 217
2  80 109
2  81 129
2  82 194
3  83 140 222
2  84 110
2  85 170
2  86 163
2  87 195
2  88 119
2  89 171
2  90 180
2  91 111
2  92 130
2  93 112
3  94 141 209
3  95 120 214
2  96 164
2  97 196
2  98 121
2  99 172
