3  0 159 179
3  1 93 184
2  2 104
2  3 141
2  4 133
2  5 162
4  6 113 129 177
2  7 148
2  8 118
4  9 142 172 188
2  10 134
3  11 135 171
2  12 99
2  13 136
2  14 81
2  15 114
4  16 123 168 176
2  17 160
2  18 85
2  19 100
2  20 82
2  21 111
2  22 88
2  23 163
2  24 152
2  25 108
2  26 89
2  27 130
2  28 124
3  29 137 175
2  30 149
4  31 164 186 193
2  32 115
2  33 91
3  34 110 187
2  35 105
2  36 143
2  37 156
2  38 92
2  39 86
2  40 144
2  41 125
4  42 116 180 192
3  43 83 183
4  44 90 161 167
2  45 153
4  46 131 173 185
3  47 84 157
2  48 101
2  49 94
2  50 96
2  51 145
3  52 126 174
2  53 132
2  54 117
2  55 127
2  56 166
2  57 98
2  58 103
2  59 97
2  60 150
2  61 112
2  62 138
4  63 151 169 190
3  64 146 165
2  65 119
2  66 139
2  67 106
2  68 102
3  69 147 178
2  70 120
2  71 121
4  72 87 170 191
2  73 109
3  74 158 181
2  75 140
3  76 122 154
4  77 107 182 189
2  78 155
2  79 128
2  80 95
