2  0 146
4  1 291 511 558
2  2 252
3  3 147 402
2  4 112
2  5 33
3  6 148 253
3  7 9 79
3  8 324 459
2  9 10
2  10 183
5  11 403 501 534 559
2  12 34
2  13 56
2  14 35
2  15 149
2  16 254
2  17 22
3  18 292 448
2  19 325
3  20 376 478
3  21 293 502
2  22 57
2  23 113
2  24 294
2  25 150
2  26 295
2  27 214
2  28 184
4  29 350 520 543
2  30 255
2  31 185
2  32 432
2  33 215
2  34 11
2  35 114
2  36 216
2  37 58
2  38 151
2  39 115
2  40 377
2  41 351
2  42 80
2  43 152
2  44 378
2  45 186
4  46 116 404 487
2  47 117
6  48 422 524 563 570 575
2  49 405
2  50 153
2  51 379
2  52 81
3  53 352 470
2  54 118
2  55 12
2  56 154
4  57 380 541 568
2  58 119
2  59 59
2  60 217
2  61 60
2  62 256
2  63 326
2  64 257
3  65 353 460
2  66 381
2  67 327
2  68 13
2  69 218
2  70 82
2  71 296
3  72 61 382
3  73 14 297
5  74 354 515 549 571
2  75 328
4  76 83 155 383
2  77 423
3  78 36 298
4  79 258 479 548
2  80 355
2  81 84
2  82 37
2  83 38
2  84 219
2  85 85
2  86 39
2  87 329
2  88 86
2  89 299
2  90 220
2  91 259
2  92 300
2  93 1
2  94 87
3  95 330 444
2  96 260
2  97 156
4  98 221 449 535
2  99 157
2  100 261
2  101 356
2  102 331
2  103 262
2  104 187
2  105 188
2  106 88
2  107 222
2  108 384
3  109 332 503
2  110 263
2  111 189
2  112 23
2  113 406
3  114 357 471
2  115 40
2  116 41
3  117 358 488
3  118 120 359
2  119 15
2  120 89
2  121 264
3  122 265 495
3  123 360 480
2  124 190
2  125 90
2  126 91
3  127 301 521
3  128 42 302
3  129 333 496
2  130 62
2  131 92
3  132 407 532
2  133 158
2  134 24
3  135 191 468
2  136 63
3  137 303 450
2  138 93
2  139 223
2  140 121
2  141 94
2  142 266
4  143 408 512 557
2  144 159
3  145 409 507
2  146 267
2  147 160
2  148 64
2  149 192
3  150 193 385
2  151 194
2  152 268
2  153 224
2  154 95
2  155 269
2  156 96
2  157 43
2  158 44
2  159 195
2  160 65
2  161 2
2  162 196
2  163 270
2  164 225
2  165 271
2  166 410
3  167 97 304
2  168 122
2  169 161
2  170 361
2  171 272
2  172 162
2  173 45
2  174 98
5  175 362 461 522 544
5  176 226 489 553 569
2  177 334
8  178 227 462 508 538 560 566 574
2  179 66
3  180 386 481
2  181 305
2  182 363
2  183 197
2  184 123
2  185 124
2  186 306
2  187 67
2  188 99
4  189 273 497 542
3  190 274 455
2  191 335
2  192 68
2  193 125
2  194 69
4  195 163 424 472
2  196 126
2  197 228
2  198 198
2  199 46
2  200 100
3  201 164 445
5  202 229 411 437 469
2  203 230
3  204 425 504
2  205 127
2  206 165
4  207 231 451 525
2  208 199
6  209 307 452 526 546 551
2  210 25
2  211 16
2  212 70
4  213 71 308 473
2  214 275
2  215 232
2  216 72
7  217 101 364 527 552 567 573
2  218 5
2  219 233
2  220 102
2  221 336
2  222 166
2  223 167
2  224 3
2  225 128
2  226 412
2  227 309
2  228 168
2  229 47
3  230 387 490
2  231 426
2  232 276
5  233 365 491 554 565
2  234 200
2  235 310
2  236 6
4  237 7 413 482
2  238 4
3  239 311 456
2  240 366
2  241 73
2  242 234
2  243 367
5  244 277 438 539 561
3  245 337 492
3  246 388 483
4  247 26 368 463
2  248 338
2  249 27
3  250 312 474
2  251 103
2  252 129
3  253 17 427
2  254 201
2  255 389
2  256 48
2  257 278
2  258 279
2  259 414
3  260 369 516
2  261 339
2  262 104
3  263 340 509
3  264 49 415
2  265 390
2  266 169
2  267 105
2  268 130
4  269 235 464 528
2  270 131
2  271 202
2  272 203
2  273 341
2  274 132
2  275 236
2  276 133
3  277 280 457
2  278 281
3  279 313 513
2  280 391
2  281 370
3  282 18 314
2  283 50
3  284 170 453
5  285 51 392 537 555
2  286 171
2  287 134
2  288 135
2  289 204
3  290 282 446
2  291 416
2  292 28
3  293 315 493
2  294 205
3  295 237 439
2  296 238
2  297 206
2  298 207
3  299 29 417
2  300 106
2  301 433
2  302 30
2  303 31
4  304 418 505 523
2  305 316
2  306 136
2  307 393
2  308 371
3  309 317 434
2  310 137
3  311 8 342
3  312 239 465
2  313 419
2  314 240
2  315 241
2  316 343
2  317 107
2  318 283
2  319 428
3  320 138 242
2  321 19
2  322 394
2  323 243
4  324 108 395 498
5  325 318 484 530 545
2  326 435
2  327 172
2  328 74
3  329 319 517
2  330 244
3  331 52 372
2  332 245
4  333 208 440 531
2  334 344
5  335 246 499 550 564
2  336 173
2  337 320
4  338 209 475 536
2  339 247
3  340 396 510
2  341 174
3  342 175 466
2  343 176
2  344 53
3  345 210 397
4  346 398 500 540
2  347 139
2  348 140
3  349 284 467
2  350 373
2  351 75
3  352 20 399
2  353 54
3  354 429 494
2  355 76
3  356 109 430
2  357 177
2  358 110
2  359 248
2  360 345
3  361 141 321
3  362 55 249
2  363 178
2  364 346
2  365 420
2  366 285
2  367 211
2  368 21
2  369 286
3  370 287 441
3  371 179 347
4  372 374 476 529
2  373 212
2  374 375
4  375 348 442 458
2  376 77
2  377 213
2  378 250
4  379 180 443 533
4  380 421 514 556
2  381 78
5  382 181 447 506 547
2  383 142
4  384 182 436 477
2  385 251
2  386 32
5  387 322 518 562 572
2  388 288
2  389 289
2  390 400
2  391 111
2  392 401
2  393 143
2  394 144
3  395 349 485
3  396 145 454
3  397 290 486
3  398 431 519
2  399 323
