2  0 466
3  1 440 807
2  2 650
3  3 584 651
2  4 441
3  5 652 773
3  6 653 722
2  7 568
4  8 539 766 850
2  9 606
2  10 406
2  11 350
2  12 372
2  13 488
4  14 373 714 817
2  15 351
3  16 673 780
2  17 674
2  18 540
4  19 633 796 861
2  20 515
2  21 710
6  22 422 757 870 893 901
2  23 541
2  24 569
3  25 663 758
3  26 374 731
2  27 407
5  28 597 827 879 897
3  29 352 774
2  30 467
2  31 516
2  32 542
2  33 614
2  34 654
2  35 694
2  36 598
2  37 468
3  38 489 763
2  39 375
3  40 664 740
2  41 423
2  42 665
2  43 583
2  44 634
6  45 376 788 864 887 896
4  46 655 725 781
2  47 570
4  48 377 808 876
3  49 378 685
2  50 543
2  51 408
2  52 675
3  53 599 718
3  54 353 666
2  55 544
2  56 686
5  57 635 719 836 855
2  58 424
2  59 490
2  60 545
5  61 379 809 857 889
2  62 469
2  63 470
2  64 491
2  65 409
2  66 656
2  67 546
2  68 708
3  69 354 750
6  70 695 775 830 837 851
2  71 623
2  72 687
2  73 442
3  74 657 715
2  75 517
2  76 471
7  77 410 834 848 877 888 899
4  78 443 732 856
3  79 444 782
3  80 355 741
2  81 411
2  82 547
4  83 624 751 844
3  84 356 636
3  85 492 733
2  86 472
2  87 548
2  88 380
2  89 493
2  90 518
3  91 357 734
4  92 412 746 852
3  93 358 752
4  94 519 818 872
2  95 587
3  96 607 820
2  97 702
2  98 381
2  99 494
2  100 571
2  101 413
3  102 590 803
2  103 667
2  104 445
3  105 382 727
2  106 711
2  107 572
2  108 703
2  109 425
2  110 573
2  111 688
2  112 473
2  113 383
2  114 520
3  115 495 776
2  116 574
5  117 359 735 853 890
2  118 521
2  119 549
3  120 360 753
6  121 575 712 745 835 878
5  122 585 676 790 865
2  123 704
4  124 384 764 873
2  125 550
2  126 426
2  127 427
2  128 576
4  129 577 742 838
2  130 446
2  131 588
2  132 637
2  133 591
3  134 361 747
5  135 496 797 840 871
2  136 428
2  137 578
2  138 362
2  139 677
2  140 385
2  141 625
2  142 551
6  143 705 791 839 884 900
4  144 678 728 812
5  145 447 767 846 885
2  146 638
3  147 363 743
2  148 639
3  149 679 798
3  150 364 729
2  151 626
3  152 365 783
2  153 386
2  154 474
2  155 552
3  156 387 754
3  157 640 799
3  158 522 768
5  159 594 769 849 883
2  160 448
3  161 497 784
4  162 449 810 863
3  163 450 821
5  164 553 804 868 895
2  165 388
2  166 475
2  167 595
3  168 389 689
2  169 696
4  170 680 800 842
2  171 414
2  172 554
2  173 451
2  174 627
2  175 415
2  176 366
3  177 615 785
2  178 600
2  179 608
2  180 555
2  181 616
3  182 452 792
2  183 556
2  184 390
2  185 429
4  186 391 755 847
4  187 476 805 862
2  188 641
2  189 430
4  190 609 726 801
3  191 610 793
2  192 690
3  193 431 813
2  194 498
2  195 668
2  196 453
2  197 523
2  198 669
2  199 392
3  200 557 759
2  201 558
2  202 617
3  203 691 770
2  204 393
5  205 618 716 831 880
2  206 477
2  207 579
2  208 524
2  209 670
2  210 432
2  211 394
2  212 454
5  213 478 829 867 894
2  214 658
2  215 697
2  216 499
2  217 628
3  218 367 760
2  219 525
2  220 629
2  221 559
2  222 560
4  223 455 777 841
6  224 395 832 845 874 882
2  225 479
2  226 561
2  227 619
2  228 368
2  229 601
2  230 562
2  231 433
2  232 681
3  233 456 748
6  234 416 819 869 891 902
3  235 592 692
2  236 500
2  237 457
2  238 434
3  239 671 721
2  240 480
3  241 526 789
4  242 630 717 806
2  243 706
2  244 527
2  245 528
3  246 563 814
3  247 611 761
3  248 501 786
2  249 529
2  250 659
4  251 620 815 875
4  252 396 833 854
4  253 397 682 723
2  254 398
3  255 642 720
3  256 417 811
2  257 530
2  258 502
2  259 621
2  260 531
2  261 612
2  262 643
2  263 532
3  264 683 736
3  265 698 765
2  266 481
3  267 458 749
2  268 533
3  269 644 737
2  270 503
2  271 482
2  272 672
2  273 504
3  274 602 794
2  275 505
3  276 399 660
2  277 534
2  278 586
2  279 459
2  280 460
2  281 400
3  282 483 816
2  283 596
2  284 369
2  285 699
2  286 580
4  287 401 645 744
2  288 418
4  289 564 771 866
5  290 484 730 843 886
2  291 419
2  292 485
2  293 461
4  294 661 738 802
2  295 622
3  296 435 822
2  297 506
2  298 436
2  299 402
3  300 603 684
3  301 420 762
2  302 462
2  303 507
2  304 535
3  305 700 739
2  306 646
2  307 631
2  308 508
3  309 581 823
4  310 589 828 858
2  311 647
2  312 509
3  313 463 724
3  314 632 707
2  315 510
2  316 437
2  317 565
2  318 370
6  319 511 778 859 892 898
2  320 566
3  321 709 779
2  322 662
2  323 464
2  324 512
2  325 513
2  326 514
2  327 536
3  328 604 795
3  329 438 787
2  330 582
2  331 537
3  332 486 756
2  333 648
3  334 371 824
2  335 421
3  336 567 772
2  337 693
2  338 605
2  339 403
3  340 613 825
2  341 439
2  342 649
2  343 538
2  344 404
5  345 713 826 860 881
2  346 405
2  347 465
2  348 487
3  349 593 701
