2  0 145
2  1 286
2  2 248
2  3 146
2  4 111
2  5 33
2  6 147
2  7 9
2  8 312
2  9 10
2  10 181
2  11 377
2  12 34
2  13 56
2  14 35
2  15 148
2  16 249
2  17 22
2  18 287
2  19 313
2  20 358
2  21 288
2  22 57
2  23 112
2  24 289
2  25 149
2  26 290
2  27 212
2  28 182
2  29 336
2  30 250
2  31 183
2  32 398
2  33 213
2  34 11
2  35 113
2  36 214
2  37 58
2  38 150
2  39 114
2  40 359
2  41 337
2  42 79
2  43 151
2  44 360
2  45 184
2  46 115
2  47 116
2  48 391
2  49 378
2  50 152
2  51 361
2  52 80
2  53 338
2  54 117
2  55 12
2  56 153
2  57 362
2  58 118
2  59 59
2  60 215
2  61 60
2  62 251
2  63 314
2  64 252
2  65 339
2  66 363
2  67 315
2  68 13
2  69 216
2  70 81
2  71 291
2  72 61
2  73 14
2  74 340
2  75 316
2  76 82
2  77 392
2  78 36
2  79 253
2  80 341
2  81 83
2  82 37
2  83 38
2  84 217
2  85 84
2  86 39
2  87 317
2  88 85
2  89 292
2  90 218
2  91 254
2  92 293
2  93 1
2  94 86
2  95 318
2  96 255
2  97 154
2  98 219
2  99 155
2  100 256
2  101 342
2  102 319
2  103 257
2  104 185
2  105 186
2  106 87
2  107 220
2  108 364
2  109 320
2  110 258
2  111 187
2  112 23
2  113 379
2  114 343
2  115 40
2  116 41
2  117 344
2  118 119
2  119 15
2  120 88
2  121 259
2  122 260
2  123 345
2  124 188
2  125 89
2  126 90
2  127 294
2  128 42
2  129 321
2  130 62
2  131 91
2  132 380
2  133 156
2  134 24
2  135 189
2  136 63
2  137 295
2  138 92
2  139 221
2  140 120
2  141 93
2  142 261
2  143 381
2  144 157
2  145 382
2  146 262
2  147 158
2  148 64
2  149 190
2  150 191
2  151 192
2  152 263
2  153 222
2  154 94
2  155 264
2  156 95
2  157 43
2  158 44
2  159 193
2  160 65
2  161 2
2  162 194
2  163 265
2  164 223
2  165 266
2  166 383
2  167 96
2  168 121
2  169 159
2  170 346
2  171 267
2  172 160
2  173 45
2  174 97
2  175 347
2  176 224
2  177 322
2  178 225
2  179 66
2  180 365
2  181 296
2  182 348
2  183 195
2  184 122
2  185 123
2  186 297
2  187 67
2  188 98
2  189 268
2  190 269
2  191 323
2  192 68
2  193 124
2  194 69
2  195 161
2  196 125
2  197 226
2  198 196
2  199 46
2  200 99
2  201 162
2  202 227
2  203 228
2  204 393
2  205 126
2  206 163
2  207 229
2  208 197
2  209 298
2  210 25
2  211 16
2  212 70
2  213 71
2  214 270
2  215 230
2  216 72
2  217 100
2  218 5
2  219 231
2  220 101
2  221 324
2  222 164
2  223 165
2  224 3
2  225 127
2  226 384
2  227 299
2  228 166
2  229 47
2  230 366
2  231 394
2  232 271
2  233 349
2  234 198
2  235 300
2  236 6
2  237 7
2  238 4
2  239 301
2  240 350
2  241 73
2  242 232
2  243 351
2  244 272
2  245 325
2  246 367
2  247 26
2  248 326
2  249 27
2  250 302
2  251 102
2  252 128
2  253 17
2  254 199
2  255 368
2  256 48
2  257 273
2  258 274
2  259 385
2  260 352
2  261 327
2  262 103
2  263 328
2  264 49
2  265 369
2  266 167
2  267 104
2  268 129
2  269 233
2  270 130
2  271 200
2  272 201
2  273 329
2  274 131
2  275 234
2  276 132
2  277 275
2  278 276
2  279 303
2  280 370
2  281 353
2  282 18
2  283 50
2  284 168
2  285 51
2  286 169
2  287 133
2  288 134
2  289 202
2  290 277
2  291 386
2  292 28
2  293 304
2  294 203
2  295 235
2  296 236
2  297 204
2  298 205
2  299 29
2  300 105
2  301 399
2  302 30
2  303 31
2  304 387
2  305 305
2  306 135
2  307 371
2  308 354
2  309 306
2  310 136
2  311 8
2  312 237
2  313 388
2  314 238
2  315 239
2  316 330
2  317 106
2  318 278
2  319 395
2  320 137
2  321 19
2  322 372
2  323 240
2  324 107
2  325 307
2  326 400
2  327 170
2  328 74
2  329 308
2  330 241
2  331 52
2  332 242
2  333 206
2  334 331
2  335 243
2  336 171
2  337 309
2  338 207
2  339 244
2  340 373
2  341 172
2  342 173
2  343 174
2  344 53
2  345 208
2  346 374
2  347 138
2  348 139
2  349 279
2  350 355
2  351 75
2  352 20
2  353 54
2  354 396
2  355 76
2  356 108
2  357 175
2  358 109
2  359 245
2  360 332
2  361 140
2  362 55
2  363 176
2  364 333
2  365 389
2  366 280
2  367 209
2  368 21
2  369 281
2  370 282
2  371 177
2  372 356
2  373 210
2  374 357
2  375 334
2  376 77
2  377 211
2  378 246
2  379 178
2  380 390
2  381 78
2  382 179
2  383 141
2  384 180
2  385 247
2  386 32
2  387 310
2  388 283
2  389 284
2  390 375
2  391 110
2  392 376
2  393 142
2  394 143
2  395 335
2  396 144
2  397 285
2  398 397
2  399 311
